<?xml version="1.0" encoding="UTF-8"?>
<!-- Generated by org.testng.reporters.JUnitReportReporter -->
<testsuite hostname="Subhash" failures="0" tests="1" name="chaining.DeleteUser" time="1.208" errors="0" timestamp="2024-06-26T21:48:36 IST" skipped="0">
  <testcase classname="chaining.DeleteUser" name="deleteUser" time="1.208"/>
  <system-out/>
</testsuite> <!-- chaining.DeleteUser -->
