<?xml version="1.0" encoding="UTF-8"?>
<!-- Generated by org.testng.reporters.JUnitReportReporter -->
<testsuite hostname="Subhash" failures="0" tests="1" name="stepdefinitions.FirstStepDefinitions" time="0.008" errors="0" timestamp="2024-08-07T19:06:51 IST" skipped="0">
  <testcase classname="stepdefinitions.FirstStepDefinitions" name="m" time="0.008"/>
  <system-out/>
</testsuite> <!-- stepdefinitions.FirstStepDefinitions -->
