<?xml version="1.0" encoding="UTF-8"?>
<!-- Generated by org.testng.reporters.JUnitReportReporter -->
<testsuite hostname="Subhash" failures="0" tests="1" name="Day1.HTTPGETMethod" time="0.077" errors="0" timestamp="2024-08-05T11:52:56 IST" skipped="0">
  <testcase classname="Day1.HTTPGETMethod" name="m" time="0.077"/>
  <system-out/>
</testsuite> <!-- Day1.HTTPGETMethod -->
