<?xml version="1.0" encoding="UTF-8"?>
<!-- Generated by org.testng.reporters.JUnitReportReporter -->
<testsuite hostname="Subhash" failures="0" tests="1" name="chaining.CreateUser" time="4.114" errors="0" timestamp="2024-06-26T21:48:36 IST" skipped="0">
  <testcase classname="chaining.CreateUser" name="create" time="4.114"/>
  <system-out/>
</testsuite> <!-- chaining.CreateUser -->
